<?xml version="1.0" encoding="UTF-8"?>
<testsuite xmlns:xsi="http://www.w3.org/2001/XMLSchema-instance" xsi:noNamespaceSchemaLocation="https://maven.apache.org/surefire/maven-surefire-plugin/xsd/surefire-test-report-3.0.xsd" version="3.0" name="com.volunteer.userservice.config.JwtKeyProviderTest" time="0.129" tests="4" errors="0" skipped="0" failures="0">
  <properties>
[...]
</properties>
  <testcase name="rejectsMissingSecret" classname="com.volunteer.userservice.config.JwtKeyProviderTest" time="0.083"/>
  <testcase name="rejectsTooShortSecret" classname="com.volunteer.userservice.config.JwtKeyProviderTest" time="0.0"/>
  <testcase name="acceptsValid32ByteSecretAndCachesKey" classname="com.volunteer.userservice.config.JwtKeyProviderTest" time="0.013"/>
  <testcase name="rejectsNonBase64Secret" classname="com.volunteer.userservice.config.JwtKeyProviderTest" time="0.0"/>
</testsuite>